#
# There is insufficient memory for the Java Runtime Environment to continue.
# Native memory allocation (mmap) failed to map 536870912 bytes for G1 virtual space
# Possible reasons:
#   The system is out of physical RAM or swap space
#   The process is running with CompressedOops enabled, and the Java Heap may be blocking the growth of the native heap
# Possible solutions:
#   Reduce memory load on the system
#   Increase physical memory or swap space
#   Check if swap backing store is full
#   Decrease Java heap size (-Xmx/-Xms)
#   Decrease number of Java threads
#   Decrease Java thread stack sizes (-Xss)
#   Set larger code cache with -XX:ReservedCodeCacheSize=
#   JVM is running with Zero Based Compressed Oops mode in which the Java heap is
#     placed in the first 32GB address space. The Java Heap base address is the
#     maximum limit for the native heap growth. Please use -XX:HeapBaseMinAddress
#     to set the Java Heap base and to place the Java Heap above 32GB virtual address.
# This output file may be truncated or incomplete.
#
#  Out of Memory Error (os_windows.cpp:3825), pid=6928, tid=22572
#
# JRE version:  (17.0.10+1) (build )
# Java VM: OpenJDK 64-Bit Server VM (17.0.10+1-b1207.14, mixed mode, sharing, tiered, compressed oops, compressed class ptrs, g1 gc, windows-amd64)
# No core dump will be written. Minidumps are not enabled by default on client versions of Windows
#

---------------  S U M M A R Y ------------

Command Line: git4idea.http.GitAskPassApp Username for 'https://github.com': 

Host: AMD Ryzen 5 3600X 6-Core Processor             , 12 cores, 31G,  Windows 10 , 64 bit Build 17763 (10.0.17763.6292)
Time: Fri Sep 20 15:28:55 2024 RTZ 2 (зима) elapsed time: 0.005685 seconds (0d 0h 0m 0s)

---------------  T H R E A D  ---------------

Current thread (0x000002469d2abdc0):  JavaThread "Unknown thread" [_thread_in_vm, id=22572, stack(0x000000be1fe00000,0x000000be1ff00000)]

Stack: [0x000000be1fe00000,0x000000be1ff00000]
Native frames: (J=compiled Java code, j=interpreted, Vv=VM code, C=native code)
V  [jvm.dll+0x687989]
V  [jvm.dll+0x84116a]
V  [jvm.dll+0x842dae]
V  [jvm.dll+0x843413]
V  [jvm.dll+0x249ccf]
V  [jvm.dll+0x684759]
V  [jvm.dll+0x67900a]
V  [jvm.dll+0x30ab0b]
V  [jvm.dll+0x311fb6]
V  [jvm.dll+0x361d5e]
V  [jvm.dll+0x361f8f]
V  [jvm.dll+0x2e07f8]
V  [jvm.dll+0x2e1764]
V  [jvm.dll+0x811c31]
V  [jvm.dll+0x36fc11]
V  [jvm.dll+0x7f0666]
V  [jvm.dll+0x3f3daf]
V  [jvm.dll+0x3f5a41]
C  [jli.dll+0x528f]
C  [ucrtbase.dll+0x2268a]
C  [KERNEL32.DLL+0x17ac4]
C  [ntdll.dll+0x5a8c1]


---------------  P R O C E S S  ---------------

Threads class SMR info:
_java_thread_list=0x00007ffc1a22df58, length=0, elements={
}

Java Threads: ( => current thread )

Other Threads:
  0x000002469d35b790 GCTaskThread "GC Thread#0" [stack: 0x000000be1ff00000,0x000000be20000000] [id=27580]
  0x00000246c4ed0280 ConcurrentGCThread "G1 Main Marker" [stack: 0x000000be20000000,0x000000be20100000] [id=23300]
  0x000002469d35db30 ConcurrentGCThread "G1 Conc#0" [stack: 0x000000be20100000,0x000000be20200000] [id=28244]

[error occurred during error reporting (printing all threads), id 0xc0000005, EXCEPTION_ACCESS_VIOLATION (0xc0000005) at pc=0x00007ffc199e13c7]

VM state: not at safepoint (not fully initialized)

VM Mutex/Monitor currently owned by a thread:  ([mutex/lock_event])
[0x000002469d2a7f20] Heap_lock - owner thread: 0x000002469d2abdc0

Heap address: 0x0000000600c00000, size: 8180 MB, Compressed Oops mode: Zero based, Oop shift amount: 3

CDS archive(s) mapped at: [0x0000000000000000-0x0000000000000000-0x0000000000000000), size 0, SharedBaseAddress: 0x0000000800000000, ArchiveRelocationMode: 1.
Narrow klass base: 0x0000000000000000, Narrow klass shift: 0, Narrow klass range: 0x0

GC Precious Log:
<Empty>

Heap:
 garbage-first heap   total 0K, used 0K [0x0000000600c00000, 0x0000000800000000)
  region size 4096K, 0 young (0K), 0 survivors (0K)
 Metaspace       used 0K, committed 0K, reserved 0K
  class space    used 0K, committed 0K, reserved 0K

Heap Regions: E=young(eden), S=young(survivor), O=old, HS=humongous(starts), HC=humongous(continues), CS=collection set, F=free, OA=open archive, CA=closed archive, TAMS=top-at-mark-start (previous, next)

Card table byte_map: [0x00000246b2e90000,0x00000246b3e90000] _byte_map_base: 0x00000246afe8a000

Marking Bits (Prev, Next): (CMBitMap*) 0x000002469d35bcc0, (CMBitMap*) 0x000002469d35bd00
 Prev Bits: [0x00000246b4e90000, 0x00000246bce60000)
 Next Bits: [0x00000246bce60000, 0x00000246c4e30000)

GC Heap History (0 events):
No events

Dll operation events (1 events):
Event: 0.003 Loaded shared library C:\Program Files\JetBrains\IntelliJ IDEA Community Edition 2024.1.1\jbr\bin\java.dll

Deoptimization events (0 events):
No events

Classes unloaded (0 events):
No events

Classes redefined (0 events):
No events

Internal exceptions (0 events):
No events

VM Operations (0 events):
No events

Events (0 events):
No events


Dynamic libraries:
0x00007ff7c37c0000 - 0x00007ff7c37ca000 	C:\Program Files\JetBrains\IntelliJ IDEA Community Edition 2024.1.1\jbr\bin\java.exe
0x00007ffca5440000 - 0x00007ffca562e000 	C:\Windows\SYSTEM32\ntdll.dll
0x00007ffca52e0000 - 0x00007ffca5393000 	C:\Windows\System32\KERNEL32.DLL
0x00007ffca2320000 - 0x00007ffca25bd000 	C:\Windows\System32\KERNELBASE.dll
0x00007ffca2220000 - 0x00007ffca231a000 	C:\Windows\System32\ucrtbase.dll
0x00007ffc83db0000 - 0x00007ffc83dc7000 	C:\Program Files\JetBrains\IntelliJ IDEA Community Edition 2024.1.1\jbr\bin\jli.dll
0x00007ffca3080000 - 0x00007ffca3217000 	C:\Windows\System32\USER32.dll
0x00007ffc8f3d0000 - 0x00007ffc8f649000 	C:\Windows\WinSxS\amd64_microsoft.windows.common-controls_6595b64144ccf1df_6.0.17763.6293_none_de76a9f2534660ca\COMCTL32.dll
0x00007ffca1f70000 - 0x00007ffca1f90000 	C:\Windows\System32\win32u.dll
0x00007ffca32d0000 - 0x00007ffca336e000 	C:\Windows\System32\msvcrt.dll
0x00007ffca2870000 - 0x00007ffca2899000 	C:\Windows\System32\GDI32.dll
0x00007ffc6f6b0000 - 0x00007ffc6f6cb000 	C:\Program Files\JetBrains\IntelliJ IDEA Community Edition 2024.1.1\jbr\bin\VCRUNTIME140.dll
0x00007ffca2070000 - 0x00007ffca2218000 	C:\Windows\System32\gdi32full.dll
0x00007ffca4e80000 - 0x00007ffca51aa000 	C:\Windows\System32\combase.dll
0x00007ffca36c0000 - 0x00007ffca37d8000 	C:\Windows\System32\RPCRT4.dll
0x00007ffca25c0000 - 0x00007ffca2660000 	C:\Windows\System32\msvcp_win.dll
0x00007ffca1f90000 - 0x00007ffca2012000 	C:\Windows\System32\bcryptPrimitives.dll
0x00007ffca2bb0000 - 0x00007ffca2bde000 	C:\Windows\System32\IMM32.DLL
0x00007ffc9a790000 - 0x00007ffc9a79c000 	C:\Program Files\JetBrains\IntelliJ IDEA Community Edition 2024.1.1\jbr\bin\vcruntime140_1.dll
0x00007ffc69eb0000 - 0x00007ffc69f3d000 	C:\Program Files\JetBrains\IntelliJ IDEA Community Edition 2024.1.1\jbr\bin\msvcp140.dll
0x00007ffc196f0000 - 0x00007ffc1a372000 	C:\Program Files\JetBrains\IntelliJ IDEA Community Edition 2024.1.1\jbr\bin\server\jvm.dll
0x00007ffca3560000 - 0x00007ffca3608000 	C:\Windows\System32\ADVAPI32.dll
0x00007ffca3220000 - 0x00007ffca32c2000 	C:\Windows\System32\sechost.dll
0x00007ffca1f40000 - 0x00007ffca1f66000 	C:\Windows\System32\bcrypt.dll
0x00007ffca1430000 - 0x00007ffca148d000 	C:\Windows\System32\POWRPROF.dll
0x00007ffc9a0e0000 - 0x00007ffc9a0e9000 	C:\Windows\SYSTEM32\WSOCK32.dll
0x00007ffc9f210000 - 0x00007ffc9f234000 	C:\Windows\SYSTEM32\WINMM.dll
0x00007ffc9ca00000 - 0x00007ffc9ca0a000 	C:\Windows\SYSTEM32\VERSION.dll
0x00007ffca53a0000 - 0x00007ffca540d000 	C:\Windows\System32\WS2_32.dll
0x00007ffc9f090000 - 0x00007ffc9f0bd000 	C:\Windows\SYSTEM32\winmmbase.dll
0x00007ffca2020000 - 0x00007ffca206a000 	C:\Windows\System32\cfgmgr32.dll
0x00007ffca13f0000 - 0x00007ffca1401000 	C:\Windows\System32\kernel.appcore.dll
0x00007ffc9c490000 - 0x00007ffc9c49a000 	C:\Program Files\JetBrains\IntelliJ IDEA Community Edition 2024.1.1\jbr\bin\jimage.dll
0x00007ffc90130000 - 0x00007ffc9031d000 	C:\Windows\SYSTEM32\DBGHELP.DLL
0x00007ffc82030000 - 0x00007ffc8205a000 	C:\Windows\SYSTEM32\dbgcore.DLL
0x00007ffc99e90000 - 0x00007ffc99eb5000 	C:\Program Files\JetBrains\IntelliJ IDEA Community Edition 2024.1.1\jbr\bin\java.dll

dbghelp: loaded successfully - version: 4.0.5 - missing functions: none
symbol engine: initialized successfully - sym options: 0x614 - pdb path: .;C:\Program Files\JetBrains\IntelliJ IDEA Community Edition 2024.1.1\jbr\bin;C:\Windows\SYSTEM32;C:\Windows\WinSxS\amd64_microsoft.windows.common-controls_6595b64144ccf1df_6.0.17763.6293_none_de76a9f2534660ca;C:\Program Files\JetBrains\IntelliJ IDEA Community Edition 2024.1.1\jbr\bin\server

VM Arguments:
java_command: git4idea.http.GitAskPassApp Username for 'https://github.com': 
java_class_path (initial): C:/Program Files/JetBrains/IntelliJ IDEA Community Edition 2024.1.1/plugins/vcs-git/lib/git4idea-rt.jar;C:/Program Files/JetBrains/IntelliJ IDEA Community Edition 2024.1.1/lib/externalProcess-rt.jar
Launcher Type: SUN_STANDARD

[Global flags]
     intx CICompilerCount                          = 4                                         {product} {ergonomic}
     uint ConcGCThreads                            = 3                                         {product} {ergonomic}
     uint G1ConcRefinementThreads                  = 10                                        {product} {ergonomic}
   size_t G1HeapRegionSize                         = 4194304                                   {product} {ergonomic}
    uintx GCDrainStackTargetSize                   = 64                                        {product} {ergonomic}
   size_t InitialHeapSize                          = 536870912                                 {product} {ergonomic}
   size_t MarkStackSize                            = 4194304                                   {product} {ergonomic}
   size_t MaxHeapSize                              = 8577351680                                {product} {ergonomic}
   size_t MinHeapDeltaBytes                        = 4194304                                   {product} {ergonomic}
   size_t MinHeapSize                              = 8388608                                   {product} {ergonomic}
    uintx NonNMethodCodeHeapSize                   = 5839372                                {pd product} {ergonomic}
    uintx NonProfiledCodeHeapSize                  = 122909434                              {pd product} {ergonomic}
    uintx ProfiledCodeHeapSize                     = 122909434                              {pd product} {ergonomic}
    uintx ReservedCodeCacheSize                    = 251658240                              {pd product} {ergonomic}
     bool SegmentedCodeCache                       = true                                      {product} {ergonomic}
   size_t SoftMaxHeapSize                          = 8577351680                             {manageable} {ergonomic}
     bool UseCompressedClassPointers               = true                           {product lp64_product} {ergonomic}
     bool UseCompressedOops                        = true                           {product lp64_product} {ergonomic}
     bool UseG1GC                                  = true                                      {product} {ergonomic}
     bool UseLargePagesIndividualAllocation        = false                                  {pd product} {ergonomic}

Logging:
Log output configuration:
 #0: stdout all=warning uptime,level,tags
 #1: stderr all=off uptime,level,tags

Environment Variables:
PATH=C:\Program Files\Git\mingw64\libexec\git-core;C:\Program Files\Git\mingw64\libexec\git-core;C:\Program Files\Git\mingw64\bin;C:\Program Files\Git\usr\bin;C:\Users\Zver\bin;C:\Windows\system32;C:\Windows;C:\Windows\System32\Wbem;C:\Windows\System32\WindowsPowerShell\v1.0;C:\Windows\System32\OpenSSH;C:\Program Files (x86)\NVIDIA Corporation\PhysX\Common;C:\Program Files\NVIDIA Corporation\NVIDIA NvDLISR;C:\Program Files (x86)\Microsoft SQL Server\100\Tools\Binn;C:\Program Files\Microsoft SQL Server\100\Tools\Binn;C:\Program Files\Microsoft SQL Server\100\DTS\Binn;C:\Program Files\Microsoft SQL Server\110\Tools\Binn;C:\Program Files\Microsoft SQL Server\120\Tools\Binn;C:\Program Files\Common Files\Autodesk Shared;C:\Program Files\Git\cmd;C:\Users\Zver\AppData\Local\Microsoft\WindowsApps
USERNAME=Zver
DISPLAY=:0.0
LC_ALL=en_US.UTF-8
TERM=xterm-256color
TMPDIR=C:\Users\Zver\AppData\Local\Temp
OS=Windows_NT
PROCESSOR_IDENTIFIER=AMD64 Family 23 Model 113 Stepping 0, AuthenticAMD
TMP=C:\Users\Zver\AppData\Local\Temp
TEMP=C:\Users\Zver\AppData\Local\Temp



Periodic native trim disabled

JNI global refs:
JNI global refs: 0, weak refs: 0

JNI global refs memory usage: 0, weak refs: 0

OOME stack traces (most recent first):
Classloader memory used:


---------------  S Y S T E M  ---------------

OS:
 Windows 10 , 64 bit Build 17763 (10.0.17763.6292)
OS uptime: 7 days 15:50 hours

CPU: total 12 (initial active 12) (12 cores per cpu, 2 threads per core) family 23 model 113 stepping 0 microcode 0x0, cx8, cmov, fxsr, ht, mmx, 3dnowpref, sse, sse2, sse3, ssse3, sse4a, sse4.1, sse4.2, popcnt, lzcnt, tsc, tscinvbit, avx, avx2, aes, clmul, bmi1, bmi2, adx, sha, fma, vzeroupper, clflush, clflushopt
Processor Information for all 12 processors :
  Max Mhz: 3793, Current Mhz: 3793, Mhz Limit: 3793

Memory: 4k page, system-wide physical 32716M (18772M free)
TotalPageFile size 40716M (AvailPageFile size 476M)
current process WorkingSet (physical memory assigned to process): 10M, peak: 10M
current process commit charge ("private bytes"): 64M, peak: 576M

vm_info: OpenJDK 64-Bit Server VM (17.0.10+1-b1207.14) for windows-amd64 JRE (17.0.10+1-b1207.14), built on 2024-04-05 by "builduser" with MS VC++ 16.10 / 16.11 (VS2019)

END.
